-------------------------------------------------------------------------------
Test set: TestDemo
-------------------------------------------------------------------------------
Tests run: 2, Failures: 2, Errors: 0, Skipped: 0, Time elapsed: 2.101 sec <<< FAILURE!
TestDemo.testShard()  Time elapsed: 1.089 sec  <<< FAILURE!
redis.clients.jedis.exceptions.JedisConnectionException: java.net.ConnectException: Connection refused: connect
	at redis.clients.jedis.Connection.connect(Connection.java:150)
	at redis.clients.jedis.BinaryClient.connect(BinaryClient.java:75)
	at redis.clients.jedis.Connection.sendCommand(Connection.java:79)
	at redis.clients.jedis.BinaryClient.set(BinaryClient.java:92)
	at redis.clients.jedis.Client.set(Client.java:24)
	at redis.clients.jedis.Jedis.set(Jedis.java:62)
	at redis.clients.jedis.ShardedJedis.set(ShardedJedis.java:39)
	at TestDemo.testShard(TestDemo.java:38)
Caused by: java.net.ConnectException: Connection refused: connect
	at java.net.DualStackPlainSocketImpl.waitForConnect(Native Method)
	at java.net.DualStackPlainSocketImpl.socketConnect(DualStackPlainSocketImpl.java:75)
	at java.net.AbstractPlainSocketImpl.doConnect(AbstractPlainSocketImpl.java:339)
	at java.net.AbstractPlainSocketImpl.connectToAddress(AbstractPlainSocketImpl.java:200)
	at java.net.AbstractPlainSocketImpl.connect(AbstractPlainSocketImpl.java:182)
	at java.net.PlainSocketImpl.connect(PlainSocketImpl.java:157)
	at java.net.SocksSocketImpl.connect(SocksSocketImpl.java:391)
	at java.net.Socket.connect(Socket.java:579)
	at redis.clients.jedis.Connection.connect(Connection.java:144)
	... 25 more

TestDemo.testConnect()  Time elapsed: 1.011 sec  <<< FAILURE!
redis.clients.jedis.exceptions.JedisConnectionException: java.net.ConnectException: Connection refused: connect
	at redis.clients.jedis.Connection.connect(Connection.java:150)
	at redis.clients.jedis.BinaryClient.connect(BinaryClient.java:75)
	at redis.clients.jedis.Connection.sendCommand(Connection.java:79)
	at redis.clients.jedis.BinaryClient.set(BinaryClient.java:92)
	at redis.clients.jedis.Client.set(Client.java:24)
	at redis.clients.jedis.Jedis.set(Jedis.java:62)
	at TestDemo.testConnect(TestDemo.java:19)
Caused by: java.net.ConnectException: Connection refused: connect
	at java.net.DualStackPlainSocketImpl.waitForConnect(Native Method)
	at java.net.DualStackPlainSocketImpl.socketConnect(DualStackPlainSocketImpl.java:75)
	at java.net.AbstractPlainSocketImpl.doConnect(AbstractPlainSocketImpl.java:339)
	at java.net.AbstractPlainSocketImpl.connectToAddress(AbstractPlainSocketImpl.java:200)
	at java.net.AbstractPlainSocketImpl.connect(AbstractPlainSocketImpl.java:182)
	at java.net.PlainSocketImpl.connect(PlainSocketImpl.java:157)
	at java.net.SocksSocketImpl.connect(SocksSocketImpl.java:391)
	at java.net.Socket.connect(Socket.java:579)
	at redis.clients.jedis.Connection.connect(Connection.java:144)
	... 24 more

